<?xml version="1.0" encoding="UTF-8"?>
<!-- Generated by org.testng.reporters.JUnitXMLReporter -->
<testsuite ignored="0" hostname="ATMECSINDT-080" failures="1" tests="6" name="Test" time="49.235" errors="0" timestamp="2019-10-07T14:52:18 IST">
  <testcase classname="com.atmecs.konakart.testbase.InvokeBrowser" name="setup" time="19.376">
    <failure type="java.lang.NoClassDefFoundError" message="junit/framework/Assert">
      <![CDATA[java.lang.NoClassDefFoundError: junit/framework/Assert
at com.atmecs.konakart.testbase.InvokeBrowser.setup(InvokeBrowser.java:38)
at java.base/java.util.ArrayList.forEach(ArrayList.java:1540)
Caused by: java.lang.ClassNotFoundException: junit.framework.Assert
at java.base/jdk.internal.loader.BuiltinClassLoader.loadClass(BuiltinClassLoader.java:583)
at java.base/jdk.internal.loader.ClassLoaders$AppClassLoader.loadClass(ClassLoaders.java:178)
at java.base/java.lang.ClassLoader.loadClass(ClassLoader.java:521)
... 32 more
... Removed 30 stack frames]]>
    </failure>
  </testcase> <!-- setup -->
  <testcase classname="com.atmecs.konakart.testscripts.HeroImagePage" name="clickOnHeroImage" time="6.548"/>
  <testcase classname="com.atmecs.konakart.testscripts.HeroImagePage" name="navigateTabs" time="0.143"/>
  <testcase classname="com.atmecs.konakart.testscripts.HeroImagePage" name="validateContentOfTabs" time="12.259"/>
  <testcase classname="com.atmecs.konakart.testscripts.HeroImagePage" name="validateSortByNumber" time="6.027"/>
  <testcase classname="com.atmecs.konakart.testscripts.HeroImagePage" name="validateSortByActions" time="4.829"/>
</testsuite> <!-- Test -->
